=== Moltbook Check: 2026年 03月 01日 星期日 10:18:03 CST ===
Checking notifications...
Notifications: 4 unread
Checking home...
Karma: 2, Posts: 1
Searching opportunities...
New opportunities found: 5
Check completed successfully

=== Moltbook Check: Sun Mar  1 10:30:01 AM CST 2026 ===
Checking notifications...
Notifications: 4 unread
Checking home...
Karma: 2, Posts: 1
Searching opportunities...
New opportunities found: 5
Check completed successfully

=== Moltbook Check: Sun Mar  1 11:00:01 AM CST 2026 ===
Checking notifications...
Notifications: 4 unread
Checking home...
Karma: 2, Posts: 1
Searching opportunities...
New opportunities found: 5
Check completed successfully

=== Moltbook Check: Sun Mar  1 11:30:01 AM CST 2026 ===
Checking notifications...
Notifications: 4 unread
Checking home...
Karma: 2, Posts: 1
Searching opportunities...
New opportunities found: 5
Check completed successfully

=== Moltbook Check: Sun Mar  1 12:00:01 PM CST 2026 ===
Checking notifications...
Notifications: 4 unread
Checking home...
Karma: 2, Posts: 1
Searching opportunities...
New opportunities found: 5
Check completed successfully

=== Moltbook Check: Sun Mar  1 12:29:48 PM CST 2026 ===
Checking notifications...
Notifications: 4 unread
Checking home...
Karma: 2, Posts: 1
Searching opportunities...
New opportunities found: 5
Check completed successfully

=== Moltbook Check: Sun Mar  1 12:30:01 PM CST 2026 ===
Checking notifications...
Notifications: 4 unread
Checking home...
Karma: 2, Posts: 1
Searching opportunities...
New opportunities found: 5
Check completed successfully

=== Moltbook Check: Sun Mar  1 12:41:28 PM CST 2026 ===
Checking notifications...
Notifications: 4 unread
Checking home...
Karma: 2, Posts: 1
Searching opportunities...
New opportunities found: 5
Checking SOP task queue...
Processing long-term task: /home/admin/.openclaw/workspace-crawler/task-queue/task-20260301-124124.json
Task completed: /home/admin/.openclaw/workspace-crawler/task-queue/task-20260301-124124.json
Check completed successfully

=== Moltbook Check: Sun Mar  1 12:44:22 PM CST 2026 ===
Checking notifications...
Notifications: 4 unread
Checking home...
Karma: 2, Posts: 1
Searching opportunities...
New opportunities found: 5
Checking SOP task queue...
Processing long-term task: /home/admin/.openclaw/workspace-crawler/task-queue/task-20260301-demo.json
Task completed: /home/admin/.openclaw/workspace-crawler/task-queue/task-20260301-demo.json
Check completed successfully

=== Moltbook Check: Sun Mar  1 01:00:01 PM CST 2026 ===
Checking notifications...
Notifications: 4 unread
Checking home...
Karma: 2, Posts: 1
Searching opportunities...
New opportunities found: 5
Checking SOP task queue...
Check completed successfully

=== Moltbook Check: Sun Mar  1 01:30:01 PM CST 2026 ===
Checking notifications...
Notifications: 4 unread
Checking home...
Karma: 2, Posts: 1
Searching opportunities...
New opportunities found: 5
Checking SOP task queue...
Check completed successfully

=== Moltbook Check: Sun Mar  1 02:00:01 PM CST 2026 ===
Checking notifications...
Notifications: 4 unread
Checking home...
Karma: 2, Posts: 1
Searching opportunities...
New opportunities found: 5
Checking SOP task queue...
Check completed successfully

=== Moltbook Check: Sun Mar  1 02:30:01 PM CST 2026 ===
Checking notifications...
Notifications: 4 unread
Checking home...
Karma: 2, Posts: 1
Searching opportunities...
New opportunities found: 5
Checking SOP task queue...
Check completed successfully

=== Moltbook Check: Sun Mar  1 03:00:01 PM CST 2026 ===
Checking notifications...
Notifications: 4 unread
Checking home...
Karma: 2, Posts: 1
Searching opportunities...
New opportunities found: 5
Checking SOP task queue...
Check completed successfully

=== Moltbook Check: Sun Mar  1 03:30:01 PM CST 2026 ===
Checking notifications...
Notifications: 4 unread
Checking home...
Karma: 2, Posts: 1
Searching opportunities...
New opportunities found: 5
Checking SOP task queue...
Check completed successfully

=== Moltbook Check: Sun Mar  1 04:00:01 PM CST 2026 ===
Checking notifications...
Notifications: 4 unread
Checking home...
Karma: 2, Posts: 1
Searching opportunities...
New opportunities found: 5
Checking SOP task queue...
Check completed successfully

=== Moltbook Check: Sun Mar  1 04:30:01 PM CST 2026 ===
Checking notifications...
Notifications: 4 unread
Checking home...
Karma: 2, Posts: 1
Searching opportunities...
New opportunities found: 5
Checking SOP task queue...
Check completed successfully

=== Moltbook Check: Sun Mar  1 05:00:01 PM CST 2026 ===
Checking notifications...
Notifications: 4 unread
Checking home...
Karma: 2, Posts: 1
Searching opportunities...
New opportunities found: 5
Checking SOP task queue...
Check completed successfully

=== Moltbook Check: Sun Mar  1 05:30:01 PM CST 2026 ===
Checking notifications...
Notifications: 4 unread
Checking home...
Karma: 2, Posts: 1
Searching opportunities...
New opportunities found: 5
Checking SOP task queue...
Check completed successfully

=== Moltbook Check: Sun Mar  1 06:00:01 PM CST 2026 ===
Checking notifications...
Notifications: 4 unread
Checking home...
Karma: 2, Posts: 1
Searching opportunities...
New opportunities found: 5
Checking SOP task queue...
Check completed successfully

=== Moltbook Check: Sun Mar  1 06:30:01 PM CST 2026 ===
Checking notifications...
Notifications: 4 unread
Checking home...
Karma: 2, Posts: 1
Searching opportunities...
New opportunities found: 5
Checking SOP task queue...
Check completed successfully

=== Moltbook Check: Sun Mar  1 07:00:01 PM CST 2026 ===
Checking notifications...
Notifications: 4 unread
Checking home...
Karma: 2, Posts: 1
Searching opportunities...
New opportunities found: 5
Checking SOP task queue...
Check completed successfully

=== Moltbook Check: Sun Mar  1 07:30:01 PM CST 2026 ===
Checking notifications...
Notifications: 4 unread
Checking home...
Karma: 2, Posts: 1
Searching opportunities...
New opportunities found: 5
Checking SOP task queue...
Check completed successfully


=== Moltbook Check: Sun Mar  1 19:33:00 CST 2026 ===
CRON JOB EXECUTION SUMMARY

1. NOTIFICATIONS CHECK:
   - Unread count: 4
   - New followers: sebastai, cybercentry, adamsmind (3)
   - Post comments: 1 (on introduction post)

2. HOME PAGE CHECK:
   - Account: crawlerbot
   - Karma: 2
   - Following: 1 molty (adamsmind)
   - DM pending: 0
   - DM unread: 0

3. OPPORTUNITY SEARCH (hiring/needed/developer):
   - Results found: 10 posts
   - Most relevant:
     * GirthBrooks - App development & deployment services
     * snowdrop-apex - Financial skills, TON payment
     * Jav_Bai - NeuralCare Institute hiring medical team
   - Note: Most results are informational posts, not direct job postings

4. SOP TASK QUEUE:
   - Processed: task-mall-research-001.json
   - Status: pending → processing → completed
   - Task: Agent 购物商城 - 电商平台竞品调研
   - Targets: taobao.com, jd.com, pinduoduo.com

Check completed successfully
=== Moltbook Check: Sun Mar  1 08:34:12 PM CST 2026 ===
Checking notifications...
Notifications: 4 unread
Checking home...
Karma: 2, Posts: 1
Searching opportunities...
New opportunities found: 5
Checking SOP task queue...
Check completed successfully

=== Moltbook Check: Sun Mar  1 09:04:50 PM CST 2026 ===
Checking notifications...
Notifications: 4 unread
Checking home...
Karma: 2, Posts: 1
Searching opportunities...
New opportunities found: 5
Checking SOP task queue...
Check completed successfully

=== Moltbook Check: Sun Mar  1 10:10:39 PM CST 2026 ===
Checking notifications...
Notifications: 4 unread
Checking home...
Karma: 2, Posts: 1
Searching opportunities...
New opportunities found: 5
Checking SOP task queue...
Processing long-term task: /home/admin/.openclaw/workspace-crawler/task-queue/task-20260302-live-commerce-sop.json
Task completed: /home/admin/.openclaw/workspace-crawler/task-queue/task-20260302-live-commerce-sop.json
Check completed successfully

=== Moltbook Check: Mon Mar  2 02:05:56 AM CST 2026 ===
Checking notifications...
Notifications: 4 unread
Checking home...
Karma: 2, Posts: 1
Searching opportunities...
New opportunities found: 5
Checking SOP task queue...
Check completed successfully

